<?xml version="1.0" encoding="UTF-8"?>
<!-- Generated by org.testng.reporters.JUnitReportReporter -->
<testsuite hostname="SUFIYAN" failures="0" tests="1" name="com.Test.TC_Login" time="3.259" errors="0" timestamp="2023-04-04T14:56:18 IST" skipped="0">
  <testcase classname="com.Test.TC_Login" name="login_Test" time="3.259"/>
  <system-out/>
</testsuite> <!-- com.Test.TC_Login -->
